TN:
SF:server\src\utils\password.ts
FN:1,(anonymous_0)
FNF:1
FNH:1
FNDA:10,(anonymous_0)
DA:1,1
DA:2,10
DA:3,9
DA:4,8
DA:6,7
DA:7,7
DA:8,7
DA:9,7
DA:11,7
DA:13,2
DA:14,1
DA:15,5
DA:17,3
DA:18,2
DA:21,2
DA:24,2
LF:16
LH:16
BRDA:2,0,0,1
BRDA:2,0,1,9
BRDA:3,1,0,1
BRDA:3,1,1,8
BRDA:4,2,0,1
BRDA:4,2,1,7
BRDA:11,3,0,2
BRDA:11,3,1,5
BRDA:13,4,0,1
BRDA:13,4,1,1
BRDA:15,5,0,3
BRDA:15,5,1,2
BRDA:15,6,0,5
BRDA:15,6,1,5
BRDA:17,7,0,1
BRDA:17,7,1,2
BRDA:17,8,0,3
BRDA:17,8,1,2
BRDA:17,8,2,2
BRDA:18,9,0,1
BRDA:18,9,1,1
BRDA:21,10,0,1
BRDA:21,10,1,1
BRDA:21,11,0,2
BRDA:21,11,1,2
BRF:25
BRH:25
end_of_record
TN:
SF:server\src\utils\shipping.ts
FN:44,calculateShipping
FNF:1
FNH:1
FNDA:20,calculateShipping
DA:44,1
DA:50,20
DA:51,1
DA:54,19
DA:55,3
DA:59,16
DA:61,16
DA:62,8
DA:63,8
DA:64,5
DA:66,3
DA:70,16
DA:71,6
DA:75,16
DA:76,5
DA:79,16
LF:16
LH:16
BRDA:50,0,0,1
BRDA:50,0,1,19
BRDA:54,1,0,3
BRDA:54,1,1,16
BRDA:54,2,0,19
BRDA:54,2,1,17
BRDA:61,3,0,8
BRDA:61,3,1,8
BRDA:63,4,0,5
BRDA:63,4,1,3
BRDA:70,5,0,6
BRDA:70,5,1,10
BRDA:75,6,0,5
BRDA:75,6,1,11
BRF:14
BRH:14
end_of_record
